# JRE version: OpenJDK Runtime Environment (21.0.1+12) (build 21.0.1+12-29)
# Java VM: OpenJDK 64-Bit Server VM (21.0.1+12-29, mixed mode, emulated-client, sharing, tiered, compressed oops, compressed class ptrs, g1 gc, windows-amd64)
GC Precious Log:
 CardTable entry size: 512
 Card Set container configuration: InlinePtr #cards 5 size 8 Array Of Cards #cards 12 size 40 Howl #buckets 4 coarsen threshold 1843 Howl Bitmap #cards 512 size 80 coarsen threshold 460 Card regions per heap region 1 cards per card region 2048
 CPUs: 8 total, 8 available
 Memory: 7103M
 Large Page Support: Disabled
 NUMA Support: Disabled
 Compressed Oops: Enabled (32-bit)
 Heap Region Size: 1M
 Heap Min Capacity: 8M
 Heap Initial Capacity: 112M
 Heap Max Capacity: 1776M
 Pre-touch: Disabled
 Parallel Workers: 8
 Concurrent Workers: 2
 Concurrent Refinement Workers: 8
 Periodic GC: Disabled
Heap:
 garbage-first heap   total 51200K, used 29084K [0x0000000091000000, 0x0000000100000000)
  region size 1024K, 8 young (8192K), 3 survivors (3072K)
 Metaspace       used 55720K, committed 56384K, reserved 1114112K
  class space    used 7849K, committed 8128K, reserved 1048576K
GC Heap History (20 events):
Event: 1.991 GC heap before
{Heap before GC invocations=1 (full 0):
 garbage-first heap   total 114688K, used 33152K [0x0000000091000000, 0x0000000100000000)
  region size 1024K, 29 young (29696K), 3 survivors (3072K)
 Metaspace       used 13653K, committed 14016K, reserved 1114112K
  class space    used 1774K, committed 1920K, reserved 1048576K
}
Event: 1.997 GC heap after
{Heap after GC invocations=2 (full 0):
 garbage-first heap   total 114688K, used 9729K [0x0000000091000000, 0x0000000100000000)
  region size 1024K, 3 young (3072K), 3 survivors (3072K)
 Metaspace       used 13653K, committed 14016K, reserved 1114112K
  class space    used 1774K, committed 1920K, reserved 1048576K
}
Event: 2.615 GC heap before
{Heap before GC invocations=2 (full 0):
 garbage-first heap   total 114688K, used 43521K [0x0000000091000000, 0x0000000100000000)
  region size 1024K, 38 young (38912K), 3 survivors (3072K)
 Metaspace       used 20149K, committed 20544K, reserved 1114112K
  class space    used 2640K, committed 2816K, reserved 1048576K
}
Event: 2.625 GC heap after
{Heap after GC invocations=3 (full 0):
 garbage-first heap   total 114688K, used 13424K [0x0000000091000000, 0x0000000100000000)
  region size 1024K, 6 young (6144K), 6 survivors (6144K)
 Metaspace       used 20149K, committed 20544K, reserved 1114112K
  class space    used 2640K, committed 2816K, reserved 1048576K
}
Event: 3.251 GC heap before
{Heap before GC invocations=4 (full 0):
 garbage-first heap   total 51200K, used 38000K [0x0000000091000000, 0x0000000100000000)
  region size 1024K, 30 young (30720K), 6 survivors (6144K)
 Metaspace       used 22817K, committed 23168K, reserved 1114112K
  class space    used 3052K, committed 3200K, reserved 1048576K
}
Event: 3.266 GC heap after
{Heap after GC invocations=5 (full 0):
 garbage-first heap   total 51200K, used 14636K [0x0000000091000000, 0x0000000100000000)
  region size 1024K, 2 young (2048K), 2 survivors (2048K)
 Metaspace       used 22817K, committed 23168K, reserved 1114112K
  class space    used 3052K, committed 3200K, reserved 1048576K
}
Event: 3.826 GC heap before
{Heap before GC invocations=5 (full 0):
 garbage-first heap   total 51200K, used 38188K [0x0000000091000000, 0x0000000100000000)
  region size 1024K, 25 young (25600K), 2 survivors (2048K)
 Metaspace       used 27165K, committed 27712K, reserved 1114112K
  class space    used 3693K, committed 3904K, reserved 1048576K
}
Event: 3.834 GC heap after
{Heap after GC invocations=6 (full 0):
 garbage-first heap   total 51200K, used 17408K [0x0000000091000000, 0x0000000100000000)
  region size 1024K, 4 young (4096K), 4 survivors (4096K)
 Metaspace       used 27165K, committed 27712K, reserved 1114112K
  class space    used 3693K, committed 3904K, reserved 1048576K
}
Event: 4.415 GC heap before
{Heap before GC invocations=6 (full 0):
 garbage-first heap   total 51200K, used 40960K [0x0000000091000000, 0x0000000100000000)
  region size 1024K, 27 young (27648K), 4 survivors (4096K)
 Metaspace       used 31941K, committed 32512K, reserved 1114112K
  class space    used 4279K, committed 4544K, reserved 1048576K
}
Event: 4.420 GC heap after
{Heap after GC invocations=7 (full 0):
 garbage-first heap   total 51200K, used 19295K [0x0000000091000000, 0x0000000100000000)
  region size 1024K, 2 young (2048K), 2 survivors (2048K)
 Metaspace       used 31941K, committed 32512K, reserved 1114112K
  class space    used 4279K, committed 4544K, reserved 1048576K
}
Event: 4.579 GC heap before
{Heap before GC invocations=7 (full 0):
 garbage-first heap   total 51200K, used 25439K [0x0000000091000000, 0x0000000100000000)
  region size 1024K, 9 young (9216K), 2 survivors (2048K)
 Metaspace       used 33673K, committed 34240K, reserved 1114112K
  class space    used 4503K, committed 4800K, reserved 1048576K
}
Event: 4.582 GC heap after
{Heap after GC invocations=8 (full 0):
 garbage-first heap   total 51200K, used 19755K [0x0000000091000000, 0x0000000100000000)
  region size 1024K, 1 young (1024K), 1 survivors (1024K)
 Metaspace       used 33673K, committed 34240K, reserved 1114112K
  class space    used 4503K, committed 4800K, reserved 1048576K
}
Event: 5.386 GC heap before
{Heap before GC invocations=9 (full 0):
 garbage-first heap   total 51200K, used 42283K [0x0000000091000000, 0x0000000100000000)
  region size 1024K, 23 young (23552K), 1 survivors (1024K)
 Metaspace       used 39677K, committed 40320K, reserved 1114112K
  class space    used 5457K, committed 5760K, reserved 1048576K
}
Event: 5.389 GC heap after
{Heap after GC invocations=10 (full 0):
 garbage-first heap   total 51200K, used 21005K [0x0000000091000000, 0x0000000100000000)
  region size 1024K, 2 young (2048K), 2 survivors (2048K)
 Metaspace       used 39677K, committed 40320K, reserved 1114112K
  class space    used 5457K, committed 5760K, reserved 1048576K
}
Event: 6.210 GC heap before
{Heap before GC invocations=10 (full 0):
 garbage-first heap   total 51200K, used 42509K [0x0000000091000000, 0x0000000100000000)
  region size 1024K, 24 young (24576K), 2 survivors (2048K)
 Metaspace       used 47163K, committed 47808K, reserved 1114112K
  class space    used 6500K, committed 6784K, reserved 1048576K
}
Event: 6.213 GC heap after
{Heap after GC invocations=11 (full 0):
 garbage-first heap   total 51200K, used 21618K [0x0000000091000000, 0x0000000100000000)
  region size 1024K, 3 young (3072K), 3 survivors (3072K)
 Metaspace       used 47163K, committed 47808K, reserved 1114112K
  class space    used 6500K, committed 6784K, reserved 1048576K
}
Event: 7.098 GC heap before
{Heap before GC invocations=11 (full 0):
 garbage-first heap   total 51200K, used 44146K [0x0000000091000000, 0x0000000100000000)
  region size 1024K, 25 young (25600K), 3 survivors (3072K)
 Metaspace       used 52649K, committed 53312K, reserved 1114112K
  class space    used 7450K, committed 7744K, reserved 1048576K
}
Event: 7.103 GC heap after
{Heap after GC invocations=12 (full 0):
 garbage-first heap   total 51200K, used 22904K [0x0000000091000000, 0x0000000100000000)
  region size 1024K, 3 young (3072K), 3 survivors (3072K)
 Metaspace       used 52649K, committed 53312K, reserved 1114112K
  class space    used 7450K, committed 7744K, reserved 1048576K
}
Event: 7.667 GC heap before
{Heap before GC invocations=12 (full 0):
 garbage-first heap   total 51200K, used 44408K [0x0000000091000000, 0x0000000100000000)
  region size 1024K, 24 young (24576K), 3 survivors (3072K)
 Metaspace       used 55053K, committed 55808K, reserved 1114112K
  class space    used 7760K, committed 8064K, reserved 1048576K
}
Event: 7.672 GC heap after
{Heap after GC invocations=13 (full 0):
 garbage-first heap   total 51200K, used 24988K [0x0000000091000000, 0x0000000100000000)
  region size 1024K, 3 young (3072K), 3 survivors (3072K)
 Metaspace       used 55053K, committed 55808K, reserved 1114112K
  class space    used 7760K, committed 8064K, reserved 1048576K
}

